
2019-06-20 09:18:26 打印了IMEI号为353701093937411的制单

2019-06-20 09:22:01 打印了IMEI号为353701093937411的制单

2019-06-20 10:05:36 打印了IMEI号为353701093937411的制单

2019-06-20 10:10:51 打印了IMEI号为353701093937411的制单

2019-06-20 14:51:11 重打了IMEI号为16812020552988的制单

2019-06-20 14:53:16 重打了IMEI号为16812020552988的制单

2019-06-20 14:54:58 重打了IMEI号为16812020552988的制单

2019-06-20 14:55:52 批量重打了IMEI号为16812020552987的制单

2019-06-20 14:55:53 批量重打了IMEI号为16812020552988的制单

2019-06-20 15:14:52 主线程关联SIM打印了IMEI号为16812020552988的彩盒贴制单

2019-06-20 15:14:53 使用线程2打印了IMEI号:16812020552988,SN:ABF000000038,SIM卡号:22,电池号:,VIP号:,蓝牙号:,ICCID号:003,设备号:09的彩盒贴制单

2019-06-20 15:17:43 关联SIM打印了IMEI号为16812020552989的彩盒贴制单

2019-06-20 15:17:44 使用线程2打印了IMEI号:16812020552989,SN:ABF000000039,SIM卡号:23,电池号:,VIP号:,蓝牙号:,ICCID号:003,设备号:的彩盒贴制单

2019-06-20 15:20:43 关联ICCID&&打印了IMEI号为16812020552989的彩盒贴制单

2019-06-20 15:20:44 使用线程2打印了IMEI号:16812020552989,SN:ABF000000039,SIM卡号:23,电池号:7,VIP号:6,蓝牙号:B41234567890,ICCID号:004,设备号:5的彩盒贴制单

2019-06-20 15:23:18 关联ICCID&&打印了IMEI号为16812020552988的彩盒贴制单

2019-06-20 15:23:18 使用线程2打印了IMEI号:16812020552988,SN:ABF000000038,SIM卡号:22,电池号:,VIP号:,蓝牙号:,ICCID号:005,设备号:09的彩盒贴制单

2019-06-20 15:51:58 关联SIM打印了IMEI号为168120205509874的彩盒贴制单

2019-06-20 15:51:59 使用线程2打印了IMEI号:168120205509874,SN:HZXXS2900024,SIM卡号:22,电池号:,VIP号:,蓝牙号:,ICCID号:005,设备号:的彩盒贴制单

2019-06-20 15:52:44 关联SIM打印了IMEI号为16812020550983的彩盒贴制单

2019-06-20 15:52:45 使用线程2打印了IMEI号:16812020550983,SN:ABF000000040,SIM卡号:22,电池号:,VIP号:,蓝牙号:,ICCID号:005,设备号:的彩盒贴制单

2019-06-20 15:54:09 关联SIM打印了IMEI号为16812020550989的彩盒贴制单

2019-06-20 15:54:10 使用线程2打印了IMEI号:16812020550989,SN:ABF000000040,SIM卡号:22,电池号:,VIP号:,蓝牙号:,ICCID号:005,设备号:的彩盒贴制单

2019-06-20 16:32:01 主线程打印了IMEI号为16812020550991的彩盒贴制单

2019-06-20 16:32:02 使用线程2打印了IMEI号:16812020550991,SN:ABF000000039,SIM卡号:23,电池号:7,VIP号:6,蓝牙号:B41234567890,ICCID号:004,设备号:5的彩盒贴制单

2019-06-20 16:43:15 主线程打印了IMEI号为16812020550990的彩盒贴制单

2019-06-20 16:43:16 使用线程2打印了IMEI号:16812020550990,SN:ABF000000042,SIM卡号:23,电池号:,VIP号:,蓝牙号:,ICCID号:004,设备号:的彩盒贴制单

2019-06-20 16:50:13 主线程打印了IMEI号为16812020550991的彩盒贴制单

2019-06-20 16:50:14 使用线程2打印了IMEI号:16812020550991,SN:ABF000000039,SIM卡号:23,电池号:7,VIP号:6,蓝牙号:B41234567890,ICCID号:004,设备号:5的彩盒贴制单
